<?xml version="1.0" encoding="UTF-8"?>
<!-- Generated by org.testng.reporters.JUnitReportReporter -->
<testsuite name="com.freecrm.qa.loginpage.homePagetest" tests="3" time="82.082" ignored="0" failures="0" timestamp="12 Apr 2018 12:08:02 GMT" skipped="0" hostname="DESKTOP-8CE9R56" errors="0">
  <testcase name="clickoncontactpageTest" time="19.960" classname="com.freecrm.qa.loginpage.homePagetest"/>
  <testcase name="verifyusernameTest" time="32.152" classname="com.freecrm.qa.loginpage.homePagetest"/>
  <testcase name="homePageTitleTest" time="29.970" classname="com.freecrm.qa.loginpage.homePagetest"/>
</testsuite> <!-- com.freecrm.qa.loginpage.homePagetest -->
